nohup: ignoring input
+++ dirname scripts/run_img_fetch_shm.sh
++ cd scripts
++ pwd
+ curr_dir=/mnt/d/app-museum/scripts
++ dirname /mnt/d/app-museum/scripts
+ root_dir=/mnt/d/app-museum
+ worker_num=20
+ (( i=0 ))
+ (( i<20 ))
+ (( i++ ))
+ (( i<20 ))
+ python /mnt/d/app-museum/img_fetch_shm.py 20 0
+ (( i++ ))
+ (( i<20 ))
+ python /mnt/d/app-museum/img_fetch_shm.py 20 1
+ (( i++ ))
+ (( i<20 ))
+ python /mnt/d/app-museum/img_fetch_shm.py 20 2
+ (( i++ ))
+ (( i<20 ))
+ python /mnt/d/app-museum/img_fetch_shm.py 20 3
+ (( i++ ))
+ (( i<20 ))
+ python /mnt/d/app-museum/img_fetch_shm.py 20 4
+ (( i++ ))
+ (( i<20 ))
+ python /mnt/d/app-museum/img_fetch_shm.py 20 5
+ (( i++ ))
+ (( i<20 ))
+ python /mnt/d/app-museum/img_fetch_shm.py 20 6
+ (( i++ ))
+ (( i<20 ))
+ python /mnt/d/app-museum/img_fetch_shm.py 20 7
+ (( i++ ))
+ (( i<20 ))
+ python /mnt/d/app-museum/img_fetch_shm.py 20 8
+ (( i++ ))
+ (( i<20 ))
+ python /mnt/d/app-museum/img_fetch_shm.py 20 9
+ (( i++ ))
+ (( i<20 ))
+ python /mnt/d/app-museum/img_fetch_shm.py 20 10
+ (( i++ ))
+ (( i<20 ))
+ python /mnt/d/app-museum/img_fetch_shm.py 20 11
+ (( i++ ))
+ (( i<20 ))
+ python /mnt/d/app-museum/img_fetch_shm.py 20 12
+ (( i++ ))
+ (( i<20 ))
+ python /mnt/d/app-museum/img_fetch_shm.py 20 13
+ (( i++ ))
+ (( i<20 ))
+ python /mnt/d/app-museum/img_fetch_shm.py 20 14
+ (( i++ ))
+ (( i<20 ))
+ python /mnt/d/app-museum/img_fetch_shm.py 20 15
+ (( i++ ))
+ (( i<20 ))
+ python /mnt/d/app-museum/img_fetch_shm.py 20 16
+ (( i++ ))
+ (( i<20 ))
+ python /mnt/d/app-museum/img_fetch_shm.py 20 17
+ (( i++ ))
+ (( i<20 ))
+ python /mnt/d/app-museum/img_fetch_shm.py 20 18
+ (( i++ ))
+ (( i<20 ))
+ python /mnt/d/app-museum/img_fetch_shm.py 20 19
